<?xml version="1.0" encoding="UTF-8"?>
<testsuite xmlns:xsi="http://www.w3.org/2001/XMLSchema-instance" xsi:noNamespaceSchemaLocation="https://maven.apache.org/surefire/maven-surefire-plugin/xsd/surefire-test-report.xsd" name="org.palladiosimulator.pcm.confidentiality.context.analysis.tests.ScenarioTests" time="3.695" tests="2" errors="0" skipped="0" failures="0">
  <properties/>
  <testcase name="allPositive" classname="org.palladiosimulator.pcm.confidentiality.context.analysis.tests.ScenarioTests" time="3.428"/>
  <testcase name="noContext" classname="org.palladiosimulator.pcm.confidentiality.context.analysis.tests.ScenarioTests" time="0.16"/>
</testsuite>