<?xml version="1.0" encoding="UTF-8"?>
<testsuite xmlns:xsi="http://www.w3.org/2001/XMLSchema-instance" xsi:noNamespaceSchemaLocation="https://maven.apache.org/surefire/maven-surefire-plugin/xsd/surefire-test-report.xsd" name="edu.kit.ipd.sdq.kamp4attack.tests.change.credentials.PropagationAssemblyTest" time="0.47" tests="10" errors="0" skipped="0" failures="0">
  <properties/>
  <testcase name="testAssemblyToContextNoPropagationWrongAttributeProvider" classname="edu.kit.ipd.sdq.kamp4attack.tests.change.credentials.PropagationAssemblyTest" time="0.035"/>
  <testcase name="testAssemblyToContextPropagationWrongAttributeProvider" classname="edu.kit.ipd.sdq.kamp4attack.tests.change.credentials.PropagationAssemblyTest" time="0.034"/>
  <testcase name="testAssemblyToResourcePropagationNoContextAttacker" classname="edu.kit.ipd.sdq.kamp4attack.tests.change.credentials.PropagationAssemblyTest" time="0.063"/>
  <testcase name="testAssemblyToContextPropagation" classname="edu.kit.ipd.sdq.kamp4attack.tests.change.credentials.PropagationAssemblyTest" time="0.042"/>
  <testcase name="testAssemblyToContextPropagationDuplicate" classname="edu.kit.ipd.sdq.kamp4attack.tests.change.credentials.PropagationAssemblyTest" time="0.039"/>
  <testcase name="testAssemblyToResourcePropagationWrongContextAttacker" classname="edu.kit.ipd.sdq.kamp4attack.tests.change.credentials.PropagationAssemblyTest" time="0.057"/>
  <testcase name="testAssemblyToContextNoPropagationNoAttributeProvider" classname="edu.kit.ipd.sdq.kamp4attack.tests.change.credentials.PropagationAssemblyTest" time="0.029"/>
  <testcase name="testAssemblyToResourcePropagation" classname="edu.kit.ipd.sdq.kamp4attack.tests.change.credentials.PropagationAssemblyTest" time="0.051"/>
  <testcase name="testAssemblyToResourcePropagationDuplicate" classname="edu.kit.ipd.sdq.kamp4attack.tests.change.credentials.PropagationAssemblyTest" time="0.06"/>
  <testcase name="testAssemblyToResourcePropagationNoContextsNoSpecification" classname="edu.kit.ipd.sdq.kamp4attack.tests.change.credentials.PropagationAssemblyTest" time="0.052"/>
</testsuite>