<?xml version="1.0" encoding="UTF-8"?>
<testsuite xmlns:xsi="http://www.w3.org/2001/XMLSchema-instance" xsi:noNamespaceSchemaLocation="https://maven.apache.org/surefire/maven-surefire-plugin/xsd/surefire-test-report.xsd" name="edu.kit.ipd.sdq.kamp4attack.tests.change.credentials.PropagationLinkingTest" time="0.191" tests="5" errors="0" skipped="0" failures="0">
  <properties/>
  <testcase name="testLinkingToContextPropagationKeep" classname="edu.kit.ipd.sdq.kamp4attack.tests.change.credentials.PropagationLinkingTest" time="0.038"/>
  <testcase name="testLinkingToContextPropagation" classname="edu.kit.ipd.sdq.kamp4attack.tests.change.credentials.PropagationLinkingTest" time="0.041"/>
  <testcase name="testLinkingToContextPropagationDuplicate" classname="edu.kit.ipd.sdq.kamp4attack.tests.change.credentials.PropagationLinkingTest" time="0.037"/>
  <testcase name="testLinkingToContextPropagationWrongProvider" classname="edu.kit.ipd.sdq.kamp4attack.tests.change.credentials.PropagationLinkingTest" time="0.035"/>
  <testcase name="testLinkingToContextPropagationNoContextProvider" classname="edu.kit.ipd.sdq.kamp4attack.tests.change.credentials.PropagationLinkingTest" time="0.034"/>
</testsuite>