<?xml version="1.0" encoding="UTF-8"?>
<testsuite xmlns:xsi="http://www.w3.org/2001/XMLSchema-instance" xsi:noNamespaceSchemaLocation="https://maven.apache.org/surefire/maven-surefire-plugin/xsd/surefire-test-report.xsd" name="edu.kit.ipd.sdq.kamp4attack.tests.change.credentials.PropagationResourceTest" time="0.404" tests="11" errors="0" skipped="0" failures="0">
  <properties/>
  <testcase name="testResourceToContextPropagation" classname="edu.kit.ipd.sdq.kamp4attack.tests.change.credentials.PropagationResourceTest" time="0.032"/>
  <testcase name="testResourceToAssemblyPropagation" classname="edu.kit.ipd.sdq.kamp4attack.tests.change.credentials.PropagationResourceTest" time="0.036"/>
  <testcase name="testResourceToAssemblyPropagationNoContextChangeProvider" classname="edu.kit.ipd.sdq.kamp4attack.tests.change.credentials.PropagationResourceTest" time="0.036"/>
  <testcase name="testResourceToContextPropagationKeep" classname="edu.kit.ipd.sdq.kamp4attack.tests.change.credentials.PropagationResourceTest" time="0.046"/>
  <testcase name="testResourceToAssemblyPropagationKeepContextChange" classname="edu.kit.ipd.sdq.kamp4attack.tests.change.credentials.PropagationResourceTest" time="0.038"/>
  <testcase name="testResourceToContextPropagationSkipDuplicate" classname="edu.kit.ipd.sdq.kamp4attack.tests.change.credentials.PropagationResourceTest" time="0.039"/>
  <testcase name="testResourceToAssemblyPropagationNoSpecification" classname="edu.kit.ipd.sdq.kamp4attack.tests.change.credentials.PropagationResourceTest" time="0.035"/>
  <testcase name="testResourceToContextPropagationWrongSpecification" classname="edu.kit.ipd.sdq.kamp4attack.tests.change.credentials.PropagationResourceTest" time="0.034"/>
  <testcase name="testResourceToContextPropagationNoSpecification" classname="edu.kit.ipd.sdq.kamp4attack.tests.change.credentials.PropagationResourceTest" time="0.033"/>
  <testcase name="testResourceToContextPropagationNoContextsNoSpecification" classname="edu.kit.ipd.sdq.kamp4attack.tests.change.credentials.PropagationResourceTest" time="0.034"/>
  <testcase name="testResourceToAssemblyPropagationSkipDuplicates" classname="edu.kit.ipd.sdq.kamp4attack.tests.change.credentials.PropagationResourceTest" time="0.033"/>
</testsuite>