<?xml version="1.0" encoding="UTF-8"?>
<testsuite xmlns:xsi="http://www.w3.org/2001/XMLSchema-instance" xsi:noNamespaceSchemaLocation="https://maven.apache.org/surefire/maven-surefire-plugin/xsd/surefire-test-report.xsd" name="edu.kit.ipd.sdq.kamp4attack.tests.change.credentials.PropagationContextAssemblyTest" time="0.234" tests="10" errors="0" skipped="5" failures="0">
  <properties/>
  <testcase name="testContextToAssemblyPropagationDuplicate" classname="edu.kit.ipd.sdq.kamp4attack.tests.change.credentials.PropagationContextAssemblyTest" time="0">
    <skipped message="void edu.kit.ipd.sdq.kamp4attack.tests.change.credentials.PropagationContextAssemblyTest.testContextToAssemblyPropagationDuplicate() is @Disabled"/>
  </testcase>
  <testcase name="testContextToAssemblyPropagationNoSpecificationNoContext" classname="edu.kit.ipd.sdq.kamp4attack.tests.change.credentials.PropagationContextAssemblyTest" time="0.05"/>
  <testcase name="testContextToAssemblyPropagationWrongContext" classname="edu.kit.ipd.sdq.kamp4attack.tests.change.credentials.PropagationContextAssemblyTest" time="0.059"/>
  <testcase name="testContextToAssemblyPropagationNoContextNoAssemblyComponent" classname="edu.kit.ipd.sdq.kamp4attack.tests.change.credentials.PropagationContextAssemblyTest" time="0.028"/>
  <testcase name="testContextToAssemblyPropagationRequiredNoSpecificationThirdComponent" classname="edu.kit.ipd.sdq.kamp4attack.tests.change.credentials.PropagationContextAssemblyTest" time="0">
    <skipped message="void edu.kit.ipd.sdq.kamp4attack.tests.change.credentials.PropagationContextAssemblyTest.testContextToAssemblyPropagationRequiredNoSpecificationThirdComponent() is @Disabled"/>
  </testcase>
  <testcase name="testContextToAssemblyPropagationRequiredSpecificationThirdComponentWrongContext" classname="edu.kit.ipd.sdq.kamp4attack.tests.change.credentials.PropagationContextAssemblyTest" time="0">
    <skipped message="void edu.kit.ipd.sdq.kamp4attack.tests.change.credentials.PropagationContextAssemblyTest.testContextToAssemblyPropagationRequiredSpecificationThirdComponentWrongContext() is @Disabled"/>
  </testcase>
  <testcase name="testContextToAssemblyPropagationProvided" classname="edu.kit.ipd.sdq.kamp4attack.tests.change.credentials.PropagationContextAssemblyTest" time="0">
    <skipped message="void edu.kit.ipd.sdq.kamp4attack.tests.change.credentials.PropagationContextAssemblyTest.testContextToAssemblyPropagationProvided() is @Disabled"/>
  </testcase>
  <testcase name="testContextToAssemblyContextNoSpecification" classname="edu.kit.ipd.sdq.kamp4attack.tests.change.credentials.PropagationContextAssemblyTest" time="0.06"/>
  <testcase name="testContextToAssemblyPropagationRequired" classname="edu.kit.ipd.sdq.kamp4attack.tests.change.credentials.PropagationContextAssemblyTest" time="0">
    <skipped message="void edu.kit.ipd.sdq.kamp4attack.tests.change.credentials.PropagationContextAssemblyTest.testContextToAssemblyPropagationRequired() is @Disabled"/>
  </testcase>
  <testcase name="testContextToAssemblyPropagationNoAssemblyComponent" classname="edu.kit.ipd.sdq.kamp4attack.tests.change.credentials.PropagationContextAssemblyTest" time="0.03"/>
</testsuite>