<?xml version="1.0" encoding="UTF-8"?>
<testsuite xmlns:xsi="http://www.w3.org/2001/XMLSchema-instance" xsi:noNamespaceSchemaLocation="https://maven.apache.org/surefire/maven-surefire-plugin/xsd/surefire-test-report.xsd" name="edu.kit.ipd.sdq.kamp4attack.tests.change.credentials.PropagationContextResourceTest" time="0.347" tests="6" errors="0" skipped="0" failures="0">
  <properties/>
  <testcase name="testContextToResourcePropagationNoContextNoStartResource" classname="edu.kit.ipd.sdq.kamp4attack.tests.change.credentials.PropagationContextResourceTest" time="0.04"/>
  <testcase name="testContextToResourcePropagationOnlyOne" classname="edu.kit.ipd.sdq.kamp4attack.tests.change.credentials.PropagationContextResourceTest" time="0.076"/>
  <testcase name="testContextToResourcePropagationNoStartResource" classname="edu.kit.ipd.sdq.kamp4attack.tests.change.credentials.PropagationContextResourceTest" time="0.036"/>
  <testcase name="testContextToResourcePropagationDuplicate" classname="edu.kit.ipd.sdq.kamp4attack.tests.change.credentials.PropagationContextResourceTest" time="0.083"/>
  <testcase name="testContextToResourcePropagationNoOwnedContextNoStartResource" classname="edu.kit.ipd.sdq.kamp4attack.tests.change.credentials.PropagationContextResourceTest" time="0.034"/>
  <testcase name="testContextToResourcePropagation" classname="edu.kit.ipd.sdq.kamp4attack.tests.change.credentials.PropagationContextResourceTest" time="0.073"/>
</testsuite>