<?xml version="1.0" encoding="UTF-8"?>
<testsuite xmlns:xsi="http://www.w3.org/2001/XMLSchema-instance" xsi:noNamespaceSchemaLocation="https://maven.apache.org/surefire/maven-surefire-plugin/xsd/surefire-test-report.xsd" name="edu.kit.ipd.sdq.kamp4attack.tests.change.vulnerability.PropagationLinkingResourceTest" time="0.196" tests="3" errors="0" skipped="0" failures="0">
  <properties/>
  <testcase name="LinkingToAssemblyPropagation" classname="edu.kit.ipd.sdq.kamp4attack.tests.change.vulnerability.PropagationLinkingResourceTest" time="0.085"/>
  <testcase name="LinkingToAssemblyPropagationSEFF" classname="edu.kit.ipd.sdq.kamp4attack.tests.change.vulnerability.PropagationLinkingResourceTest" time="0.076"/>
  <testcase name="LinkingToResourcePropagation" classname="edu.kit.ipd.sdq.kamp4attack.tests.change.vulnerability.PropagationLinkingResourceTest" time="0.031"/>
</testsuite>