<?xml version="1.0" encoding="UTF-8"?>
<testsuite xmlns:xsi="http://www.w3.org/2001/XMLSchema-instance" xsi:noNamespaceSchemaLocation="https://maven.apache.org/surefire/maven-surefire-plugin/xsd/surefire-test-report.xsd" name="edu.kit.ipd.sdq.kamp4attack.tests.change.credentials.PropagationContextLinkingResourceTest" time="0.354" tests="5" errors="0" skipped="0" failures="0">
  <properties/>
  <testcase name="testContextLinkingToResourcePropagationNoOwnedContext" classname="edu.kit.ipd.sdq.kamp4attack.tests.change.credentials.PropagationContextLinkingResourceTest" time="0.091"/>
  <testcase name="testContextLinkingToResourcePropagation" classname="edu.kit.ipd.sdq.kamp4attack.tests.change.credentials.PropagationContextLinkingResourceTest" time="0.093"/>
  <testcase name="testContextLinkingToResourcePropagationNoOwnedContextNoStartResource" classname="edu.kit.ipd.sdq.kamp4attack.tests.change.credentials.PropagationContextLinkingResourceTest" time="0.038"/>
  <testcase name="testContextLinkingToResourcePropagationNoContextNoStartResource" classname="edu.kit.ipd.sdq.kamp4attack.tests.change.credentials.PropagationContextLinkingResourceTest" time="0.04"/>
  <testcase name="testContextLinkingToResourcePropagationWrongContext" classname="edu.kit.ipd.sdq.kamp4attack.tests.change.credentials.PropagationContextLinkingResourceTest" time="0.088"/>
</testsuite>