<?xml version="1.0" encoding="UTF-8"?>
<testsuite xmlns:xsi="http://www.w3.org/2001/XMLSchema-instance" xsi:noNamespaceSchemaLocation="https://maven.apache.org/surefire/maven-surefire-plugin/xsd/surefire-test-report.xsd" name="edu.kit.ipd.sdq.kamp4attack.tests.change.vulnerability.scalability.ChainedResourcesTests" time="0.003" tests="2" errors="0" skipped="2" failures="0">
  <properties/>
  <testcase name="warmup" classname="edu.kit.ipd.sdq.kamp4attack.tests.change.vulnerability.scalability.ChainedResourcesTests" time="0">
    <skipped message="void edu.kit.ipd.sdq.kamp4attack.tests.change.vulnerability.scalability.ScalabilityTests.warmup() is @Disabled"/>
  </testcase>
  <testcase name="run" classname="edu.kit.ipd.sdq.kamp4attack.tests.change.vulnerability.scalability.ChainedResourcesTests" time="0">
    <skipped message="void edu.kit.ipd.sdq.kamp4attack.tests.change.vulnerability.scalability.ScalabilityTests.run() is @Disabled"/>
  </testcase>
</testsuite>