<?xml version="1.0" encoding="UTF-8"?>
<testsuite xmlns:xsi="http://www.w3.org/2001/XMLSchema-instance" xsi:noNamespaceSchemaLocation="https://maven.apache.org/surefire/maven-surefire-plugin/xsd/surefire-test-report.xsd" name="edu.kit.ipd.sdq.kamp4attack.tests.change.vulnerability.PropagationAssemblyTest" time="0.313" tests="7" errors="0" skipped="0" failures="0">
  <properties/>
  <testcase name="testAssemblyToLocalResourcePropagation" classname="edu.kit.ipd.sdq.kamp4attack.tests.change.vulnerability.PropagationAssemblyTest" time="0.031"/>
  <testcase name="testAssemblyToLinkingResourceOnlyLocal" classname="edu.kit.ipd.sdq.kamp4attack.tests.change.vulnerability.PropagationAssemblyTest" time="0.03"/>
  <testcase name="testAssemblyToRemoteResourcePropagation" classname="edu.kit.ipd.sdq.kamp4attack.tests.change.vulnerability.PropagationAssemblyTest" time="0.032"/>
  <testcase name="testAssemblyToAssemblyPropagationAuthenticated" classname="edu.kit.ipd.sdq.kamp4attack.tests.change.vulnerability.PropagationAssemblyTest" time="0.073"/>
  <testcase name="testAssemblyToLinkingResource" classname="edu.kit.ipd.sdq.kamp4attack.tests.change.vulnerability.PropagationAssemblyTest" time="0.033"/>
  <testcase name="testAssemblyToAssemblyPropagationUsingSeff" classname="edu.kit.ipd.sdq.kamp4attack.tests.change.vulnerability.PropagationAssemblyTest" time="0.072"/>
  <testcase name="testAssemblyToAssemblyPropagation" classname="edu.kit.ipd.sdq.kamp4attack.tests.change.vulnerability.PropagationAssemblyTest" time="0.039"/>
</testsuite>