<?xml version="1.0" encoding="UTF-8"?>
<testsuite xmlns:xsi="http://www.w3.org/2001/XMLSchema-instance" xsi:noNamespaceSchemaLocation="https://maven.apache.org/surefire/maven-surefire-plugin/xsd/surefire-test-report.xsd" name="edu.kit.ipd.sdq.kamp4attack.tests.casestudies.TargetCaseStudyTests" time="1.995" tests="2" errors="0" skipped="0" failures="0">
  <properties/>
  <testcase name="defaultCase" classname="edu.kit.ipd.sdq.kamp4attack.tests.casestudies.TargetCaseStudyTests" time="1.584"/>
  <testcase name="defaultCaseCorrectAssemblyNumber" classname="edu.kit.ipd.sdq.kamp4attack.tests.casestudies.TargetCaseStudyTests" time="0.41"/>
</testsuite>