<?xml version="1.0" encoding="UTF-8"?>
<testsuite xmlns:xsi="http://www.w3.org/2001/XMLSchema-instance" xsi:noNamespaceSchemaLocation="https://maven.apache.org/surefire/maven-surefire-plugin/xsd/surefire-test-report.xsd" name="edu.kit.ipd.sdq.kamp4attack.tests.change.vulnerability.PropagationResourceTest" time="0.223" tests="5" errors="0" skipped="0" failures="0">
  <properties/>
  <testcase name="ResourceToLocalAssemblyPropagation" classname="edu.kit.ipd.sdq.kamp4attack.tests.change.vulnerability.PropagationResourceTest" time="0.036"/>
  <testcase name="ResourceToResourcePropagation" classname="edu.kit.ipd.sdq.kamp4attack.tests.change.vulnerability.PropagationResourceTest" time="0.031"/>
  <testcase name="ResourceToRemoteAssemblyPropagationSEFF" classname="edu.kit.ipd.sdq.kamp4attack.tests.change.vulnerability.PropagationResourceTest" time="0.062"/>
  <testcase name="ResourceToLinkingPropagation" classname="edu.kit.ipd.sdq.kamp4attack.tests.change.vulnerability.PropagationResourceTest" time="0.03"/>
  <testcase name="ResourceToRemoteAssemblyPropagation" classname="edu.kit.ipd.sdq.kamp4attack.tests.change.vulnerability.PropagationResourceTest" time="0.06"/>
</testsuite>