<?xml version="1.0" encoding="UTF-8"?>
<testsuite xmlns:xsi="http://www.w3.org/2001/XMLSchema-instance" xsi:noNamespaceSchemaLocation="https://maven.apache.org/surefire/maven-surefire-plugin/xsd/surefire-test-report.xsd" name="edu.kit.ipd.sdq.kamp4attack.tests.casestudies.PowerGridCaseStudyTests" time="0.956" tests="2" errors="0" skipped="0" failures="0">
  <properties/>
  <testcase name="defaultCase" classname="edu.kit.ipd.sdq.kamp4attack.tests.casestudies.PowerGridCaseStudyTests" time="0.5"/>
  <testcase name="defaultCaseCorrectAssemblyNumber" classname="edu.kit.ipd.sdq.kamp4attack.tests.casestudies.PowerGridCaseStudyTests" time="0.455"/>
</testsuite>