<?xml version="1.0" encoding="UTF-8"?>
<testsuite xmlns:xsi="http://www.w3.org/2001/XMLSchema-instance" xsi:noNamespaceSchemaLocation="https://maven.apache.org/surefire/maven-surefire-plugin/xsd/surefire-test-report.xsd" name="edu.kit.ipd.sdq.kamp4attack.tests.change.credentials.PropagationContextLinkingTest" time="0.432" tests="7" errors="0" skipped="0" failures="0">
  <properties/>
  <testcase name="testContextToLinkingPropagationWrongSpecification" classname="edu.kit.ipd.sdq.kamp4attack.tests.change.credentials.PropagationContextLinkingTest" time="0.057"/>
  <testcase name="testContextToLinkingPropagationWrongContext" classname="edu.kit.ipd.sdq.kamp4attack.tests.change.credentials.PropagationContextLinkingTest" time="0.058"/>
  <testcase name="testContextToLinkingPropagationNoContextNoStartResource" classname="edu.kit.ipd.sdq.kamp4attack.tests.change.credentials.PropagationContextLinkingTest" time="0.036"/>
  <testcase name="testContextToLinkingAssemblyStartpoint" classname="edu.kit.ipd.sdq.kamp4attack.tests.change.credentials.PropagationContextLinkingTest" time="0.078"/>
  <testcase name="testContextToLinkingPropagationNoContext" classname="edu.kit.ipd.sdq.kamp4attack.tests.change.credentials.PropagationContextLinkingTest" time="0.057"/>
  <testcase name="testContextToLinkingPropagationResourceStartpointDuplicate" classname="edu.kit.ipd.sdq.kamp4attack.tests.change.credentials.PropagationContextLinkingTest" time="0.072"/>
  <testcase name="testContextToLinkingPropagationResourceStartpoint" classname="edu.kit.ipd.sdq.kamp4attack.tests.change.credentials.PropagationContextLinkingTest" time="0.07"/>
</testsuite>