<?xml version="1.0" encoding="UTF-8"?>
<testsuite xmlns:xsi="http://www.w3.org/2001/XMLSchema-instance" xsi:noNamespaceSchemaLocation="https://maven.apache.org/surefire/maven-surefire-plugin/xsd/surefire-test-report.xsd" name="edu.kit.ipd.sdq.kamp4attack.tests.casestudies.travelplanner.Vulnerability07Resource2ComponentTests" time="0.401" tests="2" errors="0" skipped="0" failures="0">
  <properties/>
  <testcase name="defaultCase" classname="edu.kit.ipd.sdq.kamp4attack.tests.casestudies.travelplanner.Vulnerability07Resource2ComponentTests" time="0.205"/>
  <testcase name="propagation" classname="edu.kit.ipd.sdq.kamp4attack.tests.casestudies.travelplanner.Vulnerability07Resource2ComponentTests" time="0.195"/>
</testsuite>